<?xml version="1.0" encoding="UTF-8"?>
<testsuite name="br.com.cbyk.contas_pagar.controllers.contasPagar.CreateContaTest" tests="1" skipped="0" failures="0" errors="0" timestamp="2024-09-27T17:51:20" hostname="wesley-HP-240-G7-Notebook-PC" time="1.05">
  <properties/>
  <testcase name="testCreate()" classname="br.com.cbyk.contas_pagar.controllers.contasPagar.CreateContaTest" time="1.05"/>
  <system-out><![CDATA[14:51:20.559 [Test worker] INFO org.hibernate.validator.internal.util.Version -- HV000001: Hibernate Validator 8.0.1.Final
14:51:20.943 [Test worker] INFO org.springframework.mock.web.MockServletContext -- Initializing Spring TestDispatcherServlet ''
14:51:20.943 [Test worker] INFO org.springframework.test.web.servlet.TestDispatcherServlet -- Initializing Servlet ''
14:51:20.947 [Test worker] INFO org.springframework.test.web.servlet.TestDispatcherServlet -- Completed initialization in 3 ms
]]></system-out>
  <system-err><![CDATA[]]></system-err>
</testsuite>
