<?xml version="1.0" encoding="UTF-8"?>
<testsuite name="br.com.cbyk.contas_pagar.adapters.CreateContaAdapterTest" tests="1" skipped="0" failures="0" errors="0" timestamp="2024-09-27T17:51:18" hostname="wesley-HP-240-G7-Notebook-PC" time="1.204">
  <properties/>
  <testcase name="shouldCreateContaWithSuccess()" classname="br.com.cbyk.contas_pagar.adapters.CreateContaAdapterTest" time="1.204"/>
  <system-out><![CDATA[]]></system-out>
  <system-err><![CDATA[]]></system-err>
</testsuite>
