<?xml version="1.0" encoding="UTF-8"?>
<testsuite name="br.com.cbyk.contas_pagar.usecases.FindAllContasByDueDateAndDescriptionUseCaseTest" tests="1" skipped="0" failures="0" errors="0" timestamp="2024-09-27T17:51:21" hostname="wesley-HP-240-G7-Notebook-PC" time="0.029">
  <properties/>
  <testcase name="shouldFindAllContasWithSuccess()" classname="br.com.cbyk.contas_pagar.usecases.FindAllContasByDueDateAndDescriptionUseCaseTest" time="0.029"/>
  <system-out><![CDATA[]]></system-out>
  <system-err><![CDATA[]]></system-err>
</testsuite>
