<?xml version="1.0" encoding="UTF-8"?>
<testsuite name="br.com.cbyk.contas_pagar.adapters.UpdateContaAdapterTest" tests="1" skipped="0" failures="0" errors="0" timestamp="2024-09-27T17:51:19" hostname="wesley-HP-240-G7-Notebook-PC" time="0.005">
  <properties/>
  <testcase name="shouldUpdateContaWithSuccess()" classname="br.com.cbyk.contas_pagar.adapters.UpdateContaAdapterTest" time="0.005"/>
  <system-out><![CDATA[]]></system-out>
  <system-err><![CDATA[]]></system-err>
</testsuite>
