<?xml version="1.0" encoding="UTF-8"?>
<testsuite name="br.com.cbyk.contas_pagar.usecases.UpdateSituationContaUseCaseTest" tests="2" skipped="0" failures="0" errors="0" timestamp="2024-09-27T17:51:21" hostname="wesley-HP-240-G7-Notebook-PC" time="0.029">
  <properties/>
  <testcase name="shouldUpdateSituationContaWithSuccess()" classname="br.com.cbyk.contas_pagar.usecases.UpdateSituationContaUseCaseTest" time="0.026"/>
  <testcase name="shouldNotUpdateSituationConta()" classname="br.com.cbyk.contas_pagar.usecases.UpdateSituationContaUseCaseTest" time="0.002"/>
  <system-out><![CDATA[]]></system-out>
  <system-err><![CDATA[]]></system-err>
</testsuite>
